============================= test session starts =============================
platform win32 -- Python 3.12.0, pytest-9.0.2, pluggy-1.6.0
rootdir: C:\Users\HASSA\Desktop\AI-DEV-OS
configfile: pyproject.toml
testpaths: tests
plugins: anyio-4.12.1, langsmith-0.7.22, asyncio-1.3.0, cov-7.0.0
asyncio: mode=Mode.AUTO, debug=False, asyncio_default_fixture_loop_scope=None, asyncio_default_test_loop_scope=function
collected 51 items

tests\test_core.py ...                                                   [  5%]
tests\test_core_comprehensive.py .....................                   [ 47%]
tests\test_core_snapshot.py .F                                           [ 50%]
tests\test_github_real.py ....                                           [ 58%]
tests\test_integrations.py ...                                           [ 64%]
tests\test_models.py ..                                                  [ 68%]
tests\test_sandbox.py ..                                                 [ 72%]
tests\test_skills.py ...                                                 [ 78%]
tests\test_slack_bot.py ...                                              [ 84%]
tests\test_snapshot.py ....                                              [ 92%]
tests\test_utils.py ....                                                 [100%]

================================== FAILURES ===================================
__________________________ test_retry_on_api_failure __________________________

orchestrator = <ai_dev_os.core.AIDevOSOrchestrator object at 0x0000019B0EC0AF00>

    @pytest.mark.asyncio
    async def test_retry_on_api_failure(orchestrator):
        mock_resp = MagicMock()
        mock_resp.content = [MagicMock(text="success result")]
        mock_resp.usage.output_tokens = 10
    
        orchestrator.mock_anth.messages.create.side_effect = [
            Exception("transient error"),
            mock_resp
        ]
    
        # Ensure a different request to avoid any potential (unpatched) cache hits
        with patch("builtins.input", return_value="no"):
            state = await orchestrator.run("unique request for retry")
    
        assert state.design_doc == "success result"
>       assert orchestrator.mock_anth.messages.create.call_count == 2
E       AssertionError: assert 0 == 2
E        +  where 0 = <MagicMock name='Anthropic().messages.create' id='1765479203376'>.call_count
E        +    where <MagicMock name='Anthropic().messages.create' id='1765479203376'> = <MagicMock name='Anthropic().messages' id='1765479183184'>.create
E        +      where <MagicMock name='Anthropic().messages' id='1765479183184'> = <MagicMock name='Anthropic()' id='1765479145520'>.messages
E        +        where <MagicMock name='Anthropic()' id='1765479145520'> = <ai_dev_os.core.AIDevOSOrchestrator object at 0x0000019B0EC0AF00>.mock_anth

tests\test_core_snapshot.py:58: AssertionError
---------------------------- Captured stdout call -----------------------------
\n[HUD] Phase: brainstorming | Context: 0.0% | Agents: none\n\n\U0001f4cb DESIGN DOCUMENT:\n\nsuccess result\n\n============================================================
============================== warnings summary ===============================
tests/test_core.py::test_workflow_state_logging
tests/test_core_comprehensive.py::TestWorkflowState::test_state_initialization
tests/test_core_comprehensive.py::TestWorkflowState::test_add_log
tests/test_core_comprehensive.py::TestWorkflowState::test_state_transitions
tests/test_core_comprehensive.py::TestWorkflowState::test_context_usage
tests/test_core_comprehensive.py::TestClaudeHUDIntegration::test_hud_update_creates_file
tests/test_core_comprehensive.py::TestClaudeHUDIntegration::test_hud_update_empty_agents
tests/test_core_snapshot.py::test_run_generates_snapshots
tests/test_core_snapshot.py::test_retry_on_api_failure
  C:\Users\HASSA\Desktop\AI-DEV-OS\src\ai_dev_os\core.py:97: DeprecationWarning: datetime.datetime.utcnow() is deprecated and scheduled for removal in a future version. Use timezone-aware objects to represent datetimes in UTC: datetime.datetime.now(datetime.UTC).
    self.created_at = datetime.utcnow().isoformat()

tests/test_core.py: 1 warning
tests/test_core_comprehensive.py: 2 warnings
tests/test_core_snapshot.py: 17 warnings
  C:\Users\HASSA\Desktop\AI-DEV-OS\src\ai_dev_os\core.py:101: DeprecationWarning: datetime.datetime.utcnow() is deprecated and scheduled for removal in a future version. Use timezone-aware objects to represent datetimes in UTC: datetime.datetime.now(datetime.UTC).
    self.logs.append(f"[{datetime.utcnow().isoformat()}] {message}")

tests/test_core_comprehensive.py::TestClaudeHUDIntegration::test_hud_update_creates_file
tests/test_core_comprehensive.py::TestClaudeHUDIntegration::test_hud_update_empty_agents
tests/test_core_snapshot.py::test_run_generates_snapshots
tests/test_core_snapshot.py::test_run_generates_snapshots
tests/test_core_snapshot.py::test_run_generates_snapshots
tests/test_core_snapshot.py::test_retry_on_api_failure
  C:\Users\HASSA\Desktop\AI-DEV-OS\src\ai_dev_os\core.py:185: DeprecationWarning: datetime.datetime.utcnow() is deprecated and scheduled for removal in a future version. Use timezone-aware objects to represent datetimes in UTC: datetime.datetime.now(datetime.UTC).
    "timestamp": datetime.utcnow().isoformat(),

tests/test_integrations.py::test_github_webhook
  C:\Users\HASSA\Desktop\AI-DEV-OS\src\ai_dev_os\integrations\github.py:29: DeprecationWarning: Argument login_or_token is deprecated, please use auth=github.Auth.Token(...) instead
    self.client = Github(token) if HAS_GITHUB else None

tests/test_snapshot.py::test_save_snapshot_creates_file
tests/test_snapshot.py::test_load_latest_snapshot
tests/test_snapshot.py::test_load_latest_snapshot
tests/test_snapshot.py::test_list_snapshots
tests/test_snapshot.py::test_list_snapshots
  C:\Users\HASSA\Desktop\AI-DEV-OS\src\ai_dev_os\utils\snapshot.py:26: DeprecationWarning: datetime.datetime.utcnow() is deprecated and scheduled for removal in a future version. Use timezone-aware objects to represent datetimes in UTC: datetime.datetime.now(datetime.UTC).
    timestamp = datetime.utcnow().strftime("%Y%m%d_%H%M%S")

-- Docs: https://docs.pytest.org/en/stable/how-to/capture-warnings.html
=============================== tests coverage ================================
_______________ coverage: platform win32, python 3.12.0-final-0 _______________

Name                                     Stmts   Miss  Cover   Missing
----------------------------------------------------------------------
src\ai_dev_os\__init__.py                    0      0   100%
src\ai_dev_os\agents.py                      0      0   100%
src\ai_dev_os\core.py                      270     36    87%   116, 153-172, 211, 281-283, 342, 397-398, 517-518, 560-594, 598
src\ai_dev_os\hud.py                         0      0   100%
src\ai_dev_os\integrations\__init__.py       0      0   100%
src\ai_dev_os\integrations\github.py        56     18    68%   15-17, 27, 34-35, 43-45, 57, 63-65, 70, 77-79, 90
src\ai_dev_os\integrations\linear.py        26     14    46%   17, 26-43, 49-55
src\ai_dev_os\integrations\slack.py         34     10    71%   16, 38-40, 46-50, 65
src\ai_dev_os\models.py                    194    114    41%   72-73, 95-97, 106, 117-152, 185-187, 191-210, 214-232, 239-241, 245-266, 275-293, 299-311, 318-319, 323-337, 341-343, 347-351, 355-363, 371-380, 385-389
src\ai_dev_os\monitoring_metrics.py         43     43     0%   7-107
src\ai_dev_os\sandbox.py                   220    141    36%   60, 68, 73, 78, 83, 96-123, 137-140, 144-150, 154-160, 164-170, 178-187, 191-196, 200-205, 209-214, 218-224, 232-260, 264-278, 282-299, 303-315, 319-327, 343-351, 356, 362-363
src\ai_dev_os\simulation.py                 77     77     0%   7-147
src\ai_dev_os\skills.py                     22      0   100%
src\ai_dev_os\utils\__init__.py              0      0   100%
src\ai_dev_os\utils\error_handling.py       21      0   100%
src\ai_dev_os\utils\monitoring.py           23      9    61%   19-22, 28-36
src\ai_dev_os\utils\snapshot.py             28      0   100%
----------------------------------------------------------------------
TOTAL                                     1014    462    54%
=========================== short test summary info ===========================
FAILED tests/test_core_snapshot.py::test_retry_on_api_failure - AssertionErro...
================== 1 failed, 50 passed, 41 warnings in 8.71s ==================
